GROUP,PACKAGE,CLASS,INSTRUCTION_MISSED,INSTRUCTION_COVERED,BRANCH_MISSED,BRANCH_COVERED,LINE_MISSED,LINE_COVERED,COMPLEXITY_MISSED,COMPLEXITY_COVERED,METHOD_MISSED,METHOD_COVERED
starter-fullstack,com.starter.fullstack.rest,ProductController,0,27,0,0,0,9,0,4,0,4
starter-fullstack,com.starter.fullstack.rest,InventoryController,0,29,0,0,0,8,0,5,0,5
starter-fullstack,com.starter.fullstack.api,UnitOfMeasurement,0,78,0,0,0,10,0,2,0,2
starter-fullstack,com.starter.fullstack,StarterApp,5,5,0,0,2,2,1,2,1,2
starter-fullstack,com.starter.fullstack.dao,InventoryDAO,2,148,0,0,1,30,1,6,1,6
